\BOOKMARK [0][-]{Doc-Start}{\376\377\000H\000A\000L\000A\000M\000A\000N\000\040\000J\000U\000D\000U\000L}{}% 1
\BOOKMARK [0][-]{Doc-Start}{\376\377\000L\000E\000M\000B\000A\000R\000\040\000P\000E\000N\000G\000E\000S\000A\000H\000A\000N}{}% 2
\BOOKMARK [0][-]{Doc-Start}{\376\377\000A\000P\000P\000R\000O\000V\000A\000L\000\040\000S\000H\000E\000E\000T}{}% 3
\BOOKMARK [0][-]{Doc-Start}{\376\377\000P\000E\000R\000N\000Y\000A\000T\000A\000A\000N\000\040\000O\000R\000I\000S\000I\000N\000A\000L\000I\000T\000A\000S}{}% 4
\BOOKMARK [0][-]{Doc-Start}{\376\377\000S\000T\000A\000T\000E\000M\000E\000N\000T\000\040\000O\000F\000\040\000O\000R\000I\000G\000I\000N\000A\000L\000I\000T\000Y}{}% 5
\BOOKMARK [0][-]{table.caption.1}{\376\377\000A\000B\000S\000T\000R\000A\000K}{}% 6
\BOOKMARK [0][-]{table.caption.2}{\376\377\000A\000B\000S\000T\000R\000A\000C\000T}{}% 7
\BOOKMARK [0][-]{table.caption.2}{\376\377\000K\000A\000T\000A\000\040\000P\000E\000N\000G\000A\000N\000T\000A\000R}{}% 8
\BOOKMARK [0][-]{chapter*.3}{\376\377\000D\000A\000F\000T\000A\000R\000\040\000I\000S\000I}{}% 9
\BOOKMARK [0][-]{chapter*.4}{\376\377\000D\000A\000F\000T\000A\000R\000\040\000G\000A\000M\000B\000A\000R}{}% 10
\BOOKMARK [0][-]{chapter*.5}{\376\377\000D\000A\000F\000T\000A\000R\000\040\000T\000A\000B\000E\000L}{}% 11
\BOOKMARK [0][-]{chapter.1}{\376\377\000P\000E\000N\000D\000A\000H\000U\000L\000U\000A\000N}{}% 12
\BOOKMARK [1][-]{section.1.1}{\376\377\000L\000a\000t\000a\000r\000\040\000B\000e\000l\000a\000k\000a\000n\000g}{chapter.1}% 13
\BOOKMARK [1][-]{section.1.2}{\376\377\000R\000u\000m\000u\000s\000a\000n\000\040\000M\000a\000s\000a\000l\000a\000h}{chapter.1}% 14
\BOOKMARK [1][-]{section.1.3}{\376\377\000B\000a\000t\000a\000s\000a\000n\000\040\000M\000a\000s\000a\000l\000a\000h}{chapter.1}% 15
\BOOKMARK [1][-]{section.1.4}{\376\377\000T\000u\000j\000u\000a\000n\000\040\000P\000e\000n\000e\000l\000i\000t\000i\000a\000n}{chapter.1}% 16
\BOOKMARK [1][-]{section.1.5}{\376\377\000M\000a\000n\000f\000a\000a\000t\000\040\000P\000e\000n\000e\000l\000i\000t\000i\000a\000n}{chapter.1}% 17
\BOOKMARK [0][-]{chapter.2}{\376\377\000T\000I\000N\000J\000A\000U\000A\000N\000\040\000P\000U\000S\000T\000A\000K\000A}{}% 18
\BOOKMARK [1][-]{section.2.1}{\376\377\000P\000e\000n\000e\000l\000i\000t\000i\000a\000n\000\040\000T\000e\000r\000d\000a\000h\000u\000l\000u}{chapter.2}% 19
\BOOKMARK [1][-]{section.2.2}{\376\377\000G\000e\000o\000l\000o\000g\000i\000\040\000P\000e\000n\000e\000l\000i\000t\000i\000a\000n}{chapter.2}% 20
\BOOKMARK [1][-]{section.2.3}{\376\377\000S\000i\000s\000t\000e\000m\000\040\000P\000a\000n\000a\000s\000\040\000B\000u\000m\000i}{chapter.2}% 21
\BOOKMARK [1][-]{section.2.4}{\376\377\000M\000e\000t\000o\000d\000e\000\040\000P\000e\000n\000g\000i\000n\000d\000e\000r\000a\000a\000n\000\040\000J\000a\000u\000h}{chapter.2}% 22
\BOOKMARK [2][-]{subsection.2.4.1}{\376\377\000L\000a\000n\000d\000s\000a\000t\000\040\0008}{section.2.4}% 23
\BOOKMARK [2][-]{subsection.2.4.2}{\376\377\000D\000i\000g\000i\000t\000a\000l\000\040\000E\000l\000e\000v\000a\000t\000i\000o\000n\000\040\000M\000o\000d\000e\000l\000\040\000\050\000D\000E\000M\000\051}{section.2.4}% 24
\BOOKMARK [2][-]{subsection.2.4.3}{\376\377\000L\000a\000n\000d\000\040\000S\000u\000r\000f\000a\000c\000e\000\040\000T\000e\000m\000p\000e\000r\000a\000t\000u\000r\000e}{section.2.4}% 25
\BOOKMARK [2][-]{subsection.2.4.4}{\376\377\000F\000a\000u\000l\000t\000\040\000F\000r\000a\000c\000t\000u\000r\000e\000\040\000D\000e\000n\000s\000i\000t\000y}{section.2.4}% 26
\BOOKMARK [1][-]{section.2.5}{\376\377\000M\000e\000t\000o\000d\000e\000\040\000G\000r\000a\000v\000i\000t\000a\000s\000i}{chapter.2}% 27
\BOOKMARK [2][-]{subsection.2.5.1}{\376\377\000K\000o\000n\000s\000e\000p\000\040\000M\000e\000t\000o\000d\000e\000\040\000G\000r\000a\000v\000i\000t\000a\000s\000i}{section.2.5}% 28
\BOOKMARK [2][-]{subsection.2.5.2}{\376\377\000G\000l\000o\000b\000a\000l\000\040\000G\000r\000a\000v\000i\000t\000y\000\040\000M\000o\000d\000e\000l\000\040\000P\000l\000u\000s\000\050\000G\000G\000M\000P\000l\000u\000s\000\051}{section.2.5}% 29
\BOOKMARK [2][-]{subsection.2.5.3}{\376\377\000K\000o\000r\000e\000k\000s\000i\000\040\000G\000r\000a\000v\000i\000t\000a\000s\000i}{section.2.5}% 30
\BOOKMARK [2][-]{subsection.2.5.4}{\376\377\000P\000e\000m\000i\000s\000a\000h\000a\000n\000\040\000A\000n\000o\000m\000a\000l\000i}{section.2.5}% 31
\BOOKMARK [2][-]{subsection.2.5.5}{\376\377\000A\000n\000a\000l\000i\000s\000a\000\040\000D\000e\000r\000i\000v\000a\000t\000i\000f}{section.2.5}% 32
\BOOKMARK [1][-]{section.2.6}{\376\377\000D\000e\000n\000s\000i\000t\000a\000s\000\040\000B\000a\000t\000u\000a\000n}{chapter.2}% 33
\BOOKMARK [0][-]{chapter.3}{\376\377\000M\000E\000T\000O\000D\000O\000L\000O\000G\000I}{}% 34
\BOOKMARK [1][-]{section.3.1}{\376\377\000M\000e\000t\000o\000d\000e\000\040\000P\000e\000n\000e\000l\000i\000t\000i\000a\000n}{chapter.3}% 35
\BOOKMARK [1][-]{section.3.2}{\376\377\000D\000a\000t\000a\000\040\000d\000a\000n\000\040\000P\000e\000r\000a\000n\000g\000k\000a\000t\000\040\000L\000u\000n\000a\000k}{chapter.3}% 36
\BOOKMARK [1][-]{section.3.3}{\376\377\000A\000l\000u\000r\000\040\000K\000e\000r\000j\000a\000\040\000P\000e\000n\000e\000l\000i\000t\000i\000a\000n}{chapter.3}% 37
\BOOKMARK [0][-]{chapter.4}{\376\377\000H\000A\000S\000I\000L\000\040\000D\000A\000N\000\040\000P\000E\000M\000B\000A\000H\000A\000S\000A\000N}{}% 38
\BOOKMARK [1][-]{section.4.1}{\376\377\000S\000e\000b\000a\000r\000a\000n\000\040\000P\000o\000t\000e\000n\000s\000i\000\040\000P\000a\000n\000a\000s\000\040\000B\000u\000m\000i}{chapter.4}% 39
\BOOKMARK [1][-]{section.4.2}{\376\377\000P\000e\000m\000o\000d\000e\000l\000a\000n\000\040\000B\000a\000w\000a\000h\000\040\000P\000e\000r\000m\000u\000k\000a\000a\000n}{chapter.4}% 40
\BOOKMARK [0][-]{chapter.5}{\376\377\000K\000E\000S\000I\000M\000P\000U\000L\000A\000N}{}% 41
\BOOKMARK [1][-]{section.5.1}{\376\377\000K\000e\000s\000i\000m\000p\000u\000l\000a\000n}{chapter.5}% 42
\BOOKMARK [1][-]{section.5.2}{\376\377\000S\000a\000r\000a\000n}{chapter.5}% 43
\BOOKMARK [0][-]{chapter*.15}{\376\377\000D\000A\000F\000T\000A\000R\000\040\000P\000U\000S\000T\000A\000K\000A}{}% 44
